2020-03-20T14:16:10+00:00 CRITICAL Uncaught Error: Cannot use object of type WP_Error as array in /var/www/tsvitokha/primex2.0/public_html/wp-content/plugins/woo-aio-import-export/includes/functions.php:129
Stack trace:
#0 /var/www/tsvitokha/primex2.0/public_html/wp-content/plugins/woo-aio-import-export/admin/partials/import_attributes.php(48): wooaioie_add_term(Array, 0, 'product_attr_ID', 'pa_color_temper...')
#1 /var/www/tsvitokha/primex2.0/public_html/wp-content/plugins/woo-aio-import-export/includes/admin.php(43): include('/var/www/tsvito...')
#2 /var/www/tsvitokha/primex2.0/public_html/wp-includes/class-wp-hook.php(288): wooaioie_admin_page('')
#3 /var/www/tsvitokha/primex2.0/public_html/wp-includes/class-wp-hook.php(312): WP_Hook->apply_filters('', Array)
#4 /var/www/tsvitokha/primex2.0/public_html/wp-includes/plugin.php(478): WP_Hook->do_action(Array)
#5 /var/www/tsvitokha/primex2.0/public_html/wp-admin/admin.php(254): do_action('woo-all-in-one_...')
#6 {main}
  thrown в /var/www/tsvitokha/primex2.0/public_html/wp-content/plugins/woo-aio-import-export/includes/functions.php на строке 129

2020-03-20T14:18:34+00:00 CRITICAL Uncaught Error: Cannot use object of type WP_Error as array in /var/www/tsvitokha/primex2.0/public_html/wp-content/plugins/woo-aio-import-export/includes/functions.php:129
Stack trace:
#0 /var/www/tsvitokha/primex2.0/public_html/wp-content/plugins/woo-aio-import-export/admin/partials/import_attributes.php(48): wooaioie_add_term(Array, 0, 'product_attr_ID', 'pa_color_temper...')
#1 /var/www/tsvitokha/primex2.0/public_html/wp-content/plugins/woo-aio-import-export/includes/admin.php(43): include('/var/www/tsvito...')
#2 /var/www/tsvitokha/primex2.0/public_html/wp-includes/class-wp-hook.php(288): wooaioie_admin_page('')
#3 /var/www/tsvitokha/primex2.0/public_html/wp-includes/class-wp-hook.php(312): WP_Hook->apply_filters('', Array)
#4 /var/www/tsvitokha/primex2.0/public_html/wp-includes/plugin.php(478): WP_Hook->do_action(Array)
#5 /var/www/tsvitokha/primex2.0/public_html/wp-admin/admin.php(254): do_action('woo-all-in-one_...')
#6 {main}
  thrown в /var/www/tsvitokha/primex2.0/public_html/wp-content/plugins/woo-aio-import-export/includes/functions.php на строке 129

2020-03-20T14:56:30+00:00 CRITICAL Maximum execution time of 30 seconds exceeded в /var/www/tsvitokha/primex2.0/public_html/wp-includes/class-wp-image-editor-gd.php на строке 189

2020-03-20T15:00:24+00:00 CRITICAL Maximum execution time of 30 seconds exceeded в /var/www/tsvitokha/primex2.0/public_html/wp-includes/class-wp-image-editor-gd.php на строке 189

2020-03-20T15:01:47+00:00 CRITICAL Maximum execution time of 30 seconds exceeded в /var/www/tsvitokha/primex2.0/public_html/wp-includes/class-wp-image-editor-gd.php на строке 189

2020-03-20T15:13:39+00:00 CRITICAL Maximum execution time of 30 seconds exceeded в /var/www/tsvitokha/primex2.0/public_html/wp-includes/class-wp-image-editor-gd.php на строке 189

2020-03-20T16:26:09+00:00 CRITICAL Maximum execution time of 30 seconds exceeded в /var/www/tsvitokha/primex2.0/public_html/wp-includes/class-wp-image-editor-gd.php на строке 189

2020-03-20T16:37:36+00:00 CRITICAL Maximum execution time of 30 seconds exceeded в /var/www/tsvitokha/primex2.0/public_html/wp-includes/functions.php на строке 2484

2020-03-20T17:48:38+00:00 CRITICAL Uncaught Error: Cannot use object of type WP_Error as array in /var/www/tsvitokha/primex2.0/public_html/wp-content/plugins/woo-aio-import-export/includes/functions.php:129
Stack trace:
#0 /var/www/tsvitokha/primex2.0/public_html/wp-content/plugins/woo-aio-import-export/admin/partials/import_attributes.php(48): wooaioie_add_term(Array, 0, 'product_attr_ID', 'pa_color_temper...')
#1 /var/www/tsvitokha/primex2.0/public_html/wp-content/plugins/woo-aio-import-export/includes/admin.php(43): include('/var/www/tsvito...')
#2 /var/www/tsvitokha/primex2.0/public_html/wp-includes/class-wp-hook.php(288): wooaioie_admin_page('')
#3 /var/www/tsvitokha/primex2.0/public_html/wp-includes/class-wp-hook.php(312): WP_Hook->apply_filters('', Array)
#4 /var/www/tsvitokha/primex2.0/public_html/wp-includes/plugin.php(478): WP_Hook->do_action(Array)
#5 /var/www/tsvitokha/primex2.0/public_html/wp-admin/admin.php(254): do_action('woo-all-in-one_...')
#6 {main}
  thrown в /var/www/tsvitokha/primex2.0/public_html/wp-content/plugins/woo-aio-import-export/includes/functions.php на строке 129

2020-03-20T17:53:49+00:00 CRITICAL Uncaught Error: Cannot use object of type WP_Error as array in /var/www/tsvitokha/primex2.0/public_html/wp-content/plugins/woo-aio-import-export/includes/functions.php:129
Stack trace:
#0 /var/www/tsvitokha/primex2.0/public_html/wp-content/plugins/woo-aio-import-export/admin/partials/import_attributes.php(48): wooaioie_add_term(Array, 0, 'product_attr_ID', 'pa_car_company')
#1 /var/www/tsvitokha/primex2.0/public_html/wp-content/plugins/woo-aio-import-export/includes/admin.php(43): include('/var/www/tsvito...')
#2 /var/www/tsvitokha/primex2.0/public_html/wp-includes/class-wp-hook.php(288): wooaioie_admin_page('')
#3 /var/www/tsvitokha/primex2.0/public_html/wp-includes/class-wp-hook.php(312): WP_Hook->apply_filters('', Array)
#4 /var/www/tsvitokha/primex2.0/public_html/wp-includes/plugin.php(478): WP_Hook->do_action(Array)
#5 /var/www/tsvitokha/primex2.0/public_html/wp-admin/admin.php(254): do_action('woo-all-in-one_...')
#6 {main}
  thrown в /var/www/tsvitokha/primex2.0/public_html/wp-content/plugins/woo-aio-import-export/includes/functions.php на строке 129

2020-03-20T17:54:48+00:00 CRITICAL Uncaught Error: Cannot use object of type WP_Error as array in /var/www/tsvitokha/primex2.0/public_html/wp-content/plugins/woo-aio-import-export/includes/functions.php:129
Stack trace:
#0 /var/www/tsvitokha/primex2.0/public_html/wp-content/plugins/woo-aio-import-export/admin/partials/import_attributes.php(48): wooaioie_add_term(Array, 0, 'product_attr_ID', 'pa_active_park')
#1 /var/www/tsvitokha/primex2.0/public_html/wp-content/plugins/woo-aio-import-export/includes/admin.php(43): include('/var/www/tsvito...')
#2 /var/www/tsvitokha/primex2.0/public_html/wp-includes/class-wp-hook.php(288): wooaioie_admin_page('')
#3 /var/www/tsvitokha/primex2.0/public_html/wp-includes/class-wp-hook.php(312): WP_Hook->apply_filters('', Array)
#4 /var/www/tsvitokha/primex2.0/public_html/wp-includes/plugin.php(478): WP_Hook->do_action(Array)
#5 /var/www/tsvitokha/primex2.0/public_html/wp-admin/admin.php(254): do_action('woo-all-in-one_...')
#6 {main}
  thrown в /var/www/tsvitokha/primex2.0/public_html/wp-content/plugins/woo-aio-import-export/includes/functions.php на строке 129

2020-03-20T18:39:13+00:00 CRITICAL Maximum execution time of 30 seconds exceeded в /var/www/tsvitokha/primex2.0/public_html/wp-includes/class-wp-image-editor-gd.php на строке 189

2020-03-20T18:43:27+00:00 CRITICAL Maximum execution time of 30 seconds exceeded в /var/www/tsvitokha/primex2.0/public_html/wp-includes/class-wp-image-editor-gd.php на строке 189

