2020-01-04T16:14:42+00:00 CRITICAL Uncaught Error: Call to a member function trigger() on null in /var/www/tsvitokha/primex2.0/public_html/wp-content/plugins/woo-all-in-one-service/public/class-woo-all-in-one-service-public.php:116
Stack trace:
#0 /var/www/tsvitokha/primex2.0/public_html/wp-includes/class-wp-hook.php(288): Woo_All_In_One_Service_Public->send_email(8)
#1 /var/www/tsvitokha/primex2.0/public_html/wp-includes/class-wp-hook.php(312): WP_Hook->apply_filters('', Array)
#2 /var/www/tsvitokha/primex2.0/public_html/wp-includes/plugin.php(478): WP_Hook->do_action(Array)
#3 /var/www/tsvitokha/primex2.0/public_html/wp-content/plugins/woo-all-in-one-service/public/class-woo-all-in-one-service-public-ajax.php(57): do_action('wooaioservice_c...', 8)
#4 /var/www/tsvitokha/primex2.0/public_html/wp-includes/class-wp-hook.php(288): Woo_All_In_One_Service_Public_Ajax->wooaioservice_submit('')
#5 /var/www/tsvitokha/primex2.0/public_html/wp-includes/class-wp-hook.php(312): WP_Hook->apply_filters('', Array)
#6 /var/www/tsvitokha/primex2.0/public_html в /var/www/tsvitokha/primex2.0/public_html/wp-content/plugins/woo-all-in-one-service/public/class-woo-all-in-one-service-public.php на строке 116

2020-01-04T16:16:26+00:00 CRITICAL Uncaught Error: Call to a member function trigger() on null in /var/www/tsvitokha/primex2.0/public_html/wp-content/plugins/woo-all-in-one-service/public/class-woo-all-in-one-service-public.php:116
Stack trace:
#0 /var/www/tsvitokha/primex2.0/public_html/wp-includes/class-wp-hook.php(288): Woo_All_In_One_Service_Public->send_email(9)
#1 /var/www/tsvitokha/primex2.0/public_html/wp-includes/class-wp-hook.php(312): WP_Hook->apply_filters('', Array)
#2 /var/www/tsvitokha/primex2.0/public_html/wp-includes/plugin.php(478): WP_Hook->do_action(Array)
#3 /var/www/tsvitokha/primex2.0/public_html/wp-content/plugins/woo-all-in-one-service/public/class-woo-all-in-one-service-public-ajax.php(57): do_action('wooaioservice_c...', 9)
#4 /var/www/tsvitokha/primex2.0/public_html/wp-includes/class-wp-hook.php(288): Woo_All_In_One_Service_Public_Ajax->wooaioservice_submit('')
#5 /var/www/tsvitokha/primex2.0/public_html/wp-includes/class-wp-hook.php(312): WP_Hook->apply_filters('', Array)
#6 /var/www/tsvitokha/primex2.0/public_html в /var/www/tsvitokha/primex2.0/public_html/wp-content/plugins/woo-all-in-one-service/public/class-woo-all-in-one-service-public.php на строке 116

2020-01-04T16:17:37+00:00 CRITICAL Uncaught Error: Call to a member function get_order_number() on null in /var/www/tsvitokha/primex2.0/public_html/wp-content/plugins/woo-all-in-one-service/templates/emails/wc-customer-repair-request.php:15
Stack trace:
#0 /var/www/tsvitokha/primex2.0/public_html/wp-content/plugins/woocommerce/includes/wc-core-functions.php(249): include()
#1 /var/www/tsvitokha/primex2.0/public_html/wp-content/plugins/woocommerce/includes/wc-core-functions.php(268): wc_get_template('emails/wc-custo...', Array, '', '/var/www/tsvito...')
#2 /var/www/tsvitokha/primex2.0/public_html/wp-content/plugins/woo-all-in-one-service/includes/lib/Woo_All_In_One_Service_Email_Customer.php(55): wc_get_template_html('emails/wc-custo...', Array, '', '/var/www/tsvito...')
#3 /var/www/tsvitokha/primex2.0/public_html/wp-content/plugins/woocommerce/includes/emails/class-wc-email.php(534): Woo_All_In_One_Service_Email_Customer->get_content_html()
#4 /var/www/tsvitokha/primex2.0/public_html/wp-content/plugins/woo-all-in-one-service/includes/lib/Woo_A в /var/www/tsvitokha/primex2.0/public_html/wp-content/plugins/woo-all-in-one-service/templates/emails/wc-customer-repair-request.php на строке 15

