2020-03-05T18:34:01+00:00 CRITICAL Uncaught Error: Class 'SoapClient' not found in /var/www/tsvitokha/primex2.0/public_html/wp-content/plugins/woo-all-in-one-turbosms/includes/lib/Woo_All_In_One_Turbosms_API.php:9
Stack trace:
#0 /var/www/tsvitokha/primex2.0/public_html/wp-content/plugins/woo-all-in-one-turbosms/admin/partials/admin-content-settings.php(4): Woo_All_In_One_Turbosms_API->__construct()
#1 /var/www/tsvitokha/primex2.0/public_html/wp-content/plugins/woo-all-in-one-turbosms/admin/partials/admin-display.php(22): include('/var/www/tsvito...')
#2 /var/www/tsvitokha/primex2.0/public_html/wp-content/plugins/woo-all-in-one-turbosms/admin/class-woo-all-in-one-turbosms-admin.php(114): include('/var/www/tsvito...')
#3 /var/www/tsvitokha/primex2.0/public_html/wp-includes/class-wp-hook.php(288): Woo_All_In_One_Turbosms_Admin->render_settings_page('')
#4 /var/www/tsvitokha/primex2.0/public_html/wp-includes/class-wp-hook.php(312): WP_Hook->apply_filters('', Array)
#5 /var/www/tsvitokha/primex2.0/public_html/wp-includes/plugin.php(478): WP_Hook-> в /var/www/tsvitokha/primex2.0/public_html/wp-content/plugins/woo-all-in-one-turbosms/includes/lib/Woo_All_In_One_Turbosms_API.php на строке 9

2020-03-05T18:38:06+00:00 CRITICAL Uncaught Error: Class 'SoapClient' not found in /var/www/tsvitokha/primex2.0/public_html/wp-content/plugins/woo-all-in-one-turbosms/includes/lib/Woo_All_In_One_Turbosms_API.php:9
Stack trace:
#0 /var/www/tsvitokha/primex2.0/public_html/wp-content/plugins/woo-all-in-one-turbosms/admin/partials/admin-content-settings.php(4): Woo_All_In_One_Turbosms_API->__construct()
#1 /var/www/tsvitokha/primex2.0/public_html/wp-content/plugins/woo-all-in-one-turbosms/admin/partials/admin-display.php(22): include('/var/www/tsvito...')
#2 /var/www/tsvitokha/primex2.0/public_html/wp-content/plugins/woo-all-in-one-turbosms/admin/class-woo-all-in-one-turbosms-admin.php(114): include('/var/www/tsvito...')
#3 /var/www/tsvitokha/primex2.0/public_html/wp-includes/class-wp-hook.php(288): Woo_All_In_One_Turbosms_Admin->render_settings_page('')
#4 /var/www/tsvitokha/primex2.0/public_html/wp-includes/class-wp-hook.php(312): WP_Hook->apply_filters('', Array)
#5 /var/www/tsvitokha/primex2.0/public_html/wp-includes/plugin.php(478): WP_Hook-> в /var/www/tsvitokha/primex2.0/public_html/wp-content/plugins/woo-all-in-one-turbosms/includes/lib/Woo_All_In_One_Turbosms_API.php на строке 9

2020-03-05T18:41:33+00:00 CRITICAL Uncaught Error: Class 'SoapClient' not found in /var/www/tsvitokha/primex2.0/public_html/wp-content/plugins/woo-all-in-one-turbosms/includes/lib/Woo_All_In_One_Turbosms_API.php:9
Stack trace:
#0 /var/www/tsvitokha/primex2.0/public_html/wp-content/plugins/woo-all-in-one-turbosms/admin/partials/admin-content-settings.php(4): Woo_All_In_One_Turbosms_API->__construct()
#1 /var/www/tsvitokha/primex2.0/public_html/wp-content/plugins/woo-all-in-one-turbosms/admin/partials/admin-display.php(22): include('/var/www/tsvito...')
#2 /var/www/tsvitokha/primex2.0/public_html/wp-content/plugins/woo-all-in-one-turbosms/admin/class-woo-all-in-one-turbosms-admin.php(114): include('/var/www/tsvito...')
#3 /var/www/tsvitokha/primex2.0/public_html/wp-includes/class-wp-hook.php(288): Woo_All_In_One_Turbosms_Admin->render_settings_page('')
#4 /var/www/tsvitokha/primex2.0/public_html/wp-includes/class-wp-hook.php(312): WP_Hook->apply_filters('', Array)
#5 /var/www/tsvitokha/primex2.0/public_html/wp-includes/plugin.php(478): WP_Hook-> в /var/www/tsvitokha/primex2.0/public_html/wp-content/plugins/woo-all-in-one-turbosms/includes/lib/Woo_All_In_One_Turbosms_API.php на строке 9

