2020-01-17T08:28:38+00:00 CRITICAL Uncaught Error: Call to undefined function wooaiocurrency_currency_switcher() in /var/www/tsvitokha/primex2.0/public_html/wp-content/themes/primex/header.php:52
Stack trace:
#0 /var/www/tsvitokha/primex2.0/public_html/wp-includes/template.php(722): require_once()
#1 /var/www/tsvitokha/primex2.0/public_html/wp-includes/template.php(671): load_template('/var/www/tsvito...', true)
#2 /var/www/tsvitokha/primex2.0/public_html/wp-includes/general-template.php(41): locate_template(Array, true)
#3 /var/www/tsvitokha/primex2.0/public_html/wp-content/themes/primex/templates/page-fullwidth.php(9): get_header()
#4 /var/www/tsvitokha/primex2.0/public_html/wp-includes/template-loader.php(98): include('/var/www/tsvito...')
#5 /var/www/tsvitokha/primex2.0/public_html/wp-blog-header.php(19): require_once('/var/www/tsvito...')
#6 /var/www/tsvitokha/primex2.0/public_html/index.php(17): require('/var/www/tsvito...')
#7 {main}
  thrown в /var/www/tsvitokha/primex2.0/public_html/wp-content/themes/primex/header.php на строке 52

2020-01-17T08:28:47+00:00 CRITICAL Uncaught Error: Call to undefined function wooaiocurrency_currency_switcher() in /var/www/tsvitokha/primex2.0/public_html/wp-content/themes/primex/header.php:52
Stack trace:
#0 /var/www/tsvitokha/primex2.0/public_html/wp-includes/template.php(722): require_once()
#1 /var/www/tsvitokha/primex2.0/public_html/wp-includes/template.php(671): load_template('/var/www/tsvito...', true)
#2 /var/www/tsvitokha/primex2.0/public_html/wp-includes/general-template.php(41): locate_template(Array, true)
#3 /var/www/tsvitokha/primex2.0/public_html/wp-content/themes/primex/templates/page-fullwidth.php(9): get_header()
#4 /var/www/tsvitokha/primex2.0/public_html/wp-includes/template-loader.php(98): include('/var/www/tsvito...')
#5 /var/www/tsvitokha/primex2.0/public_html/wp-blog-header.php(19): require_once('/var/www/tsvito...')
#6 /var/www/tsvitokha/primex2.0/public_html/index.php(17): require('/var/www/tsvito...')
#7 {main}
  thrown в /var/www/tsvitokha/primex2.0/public_html/wp-content/themes/primex/header.php на строке 52

2020-01-17T08:28:50+00:00 CRITICAL Uncaught Error: Call to undefined function wooaiocurrency_currency_switcher() in /var/www/tsvitokha/primex2.0/public_html/wp-content/themes/primex/header.php:52
Stack trace:
#0 /var/www/tsvitokha/primex2.0/public_html/wp-includes/template.php(722): require_once()
#1 /var/www/tsvitokha/primex2.0/public_html/wp-includes/template.php(671): load_template('/var/www/tsvito...', true)
#2 /var/www/tsvitokha/primex2.0/public_html/wp-includes/general-template.php(41): locate_template(Array, true)
#3 /var/www/tsvitokha/primex2.0/public_html/wp-content/themes/primex/templates/page-fullwidth.php(9): get_header()
#4 /var/www/tsvitokha/primex2.0/public_html/wp-includes/template-loader.php(98): include('/var/www/tsvito...')
#5 /var/www/tsvitokha/primex2.0/public_html/wp-blog-header.php(19): require_once('/var/www/tsvito...')
#6 /var/www/tsvitokha/primex2.0/public_html/index.php(17): require('/var/www/tsvito...')
#7 {main}
  thrown в /var/www/tsvitokha/primex2.0/public_html/wp-content/themes/primex/header.php на строке 52

2020-01-17T08:28:56+00:00 CRITICAL Uncaught Error: Call to undefined function wooaiocurrency_currency_switcher() in /var/www/tsvitokha/primex2.0/public_html/wp-content/themes/primex/header.php:52
Stack trace:
#0 /var/www/tsvitokha/primex2.0/public_html/wp-includes/template.php(722): require_once()
#1 /var/www/tsvitokha/primex2.0/public_html/wp-includes/template.php(671): load_template('/var/www/tsvito...', true)
#2 /var/www/tsvitokha/primex2.0/public_html/wp-includes/general-template.php(41): locate_template(Array, true)
#3 /var/www/tsvitokha/primex2.0/public_html/wp-content/themes/primex/index.php(10): get_header()
#4 /var/www/tsvitokha/primex2.0/public_html/wp-includes/template-loader.php(98): include('/var/www/tsvito...')
#5 /var/www/tsvitokha/primex2.0/public_html/wp-blog-header.php(19): require_once('/var/www/tsvito...')
#6 /var/www/tsvitokha/primex2.0/public_html/index.php(17): require('/var/www/tsvito...')
#7 {main}
  thrown в /var/www/tsvitokha/primex2.0/public_html/wp-content/themes/primex/header.php на строке 52

2020-01-17T08:29:51+00:00 CRITICAL Uncaught Error: Call to undefined function wooaiocurrency_currency_switcher() in /var/www/tsvitokha/primex2.0/public_html/wp-content/themes/primex/header.php:52
Stack trace:
#0 /var/www/tsvitokha/primex2.0/public_html/wp-includes/template.php(722): require_once()
#1 /var/www/tsvitokha/primex2.0/public_html/wp-includes/template.php(671): load_template('/var/www/tsvito...', true)
#2 /var/www/tsvitokha/primex2.0/public_html/wp-includes/general-template.php(41): locate_template(Array, true)
#3 /var/www/tsvitokha/primex2.0/public_html/wp-content/themes/primex/woocommerce.php(1): get_header()
#4 /var/www/tsvitokha/primex2.0/public_html/wp-includes/template-loader.php(98): include('/var/www/tsvito...')
#5 /var/www/tsvitokha/primex2.0/public_html/wp-blog-header.php(19): require_once('/var/www/tsvito...')
#6 /var/www/tsvitokha/primex2.0/public_html/index.php(17): require('/var/www/tsvito...')
#7 {main}
  thrown в /var/www/tsvitokha/primex2.0/public_html/wp-content/themes/primex/header.php на строке 52

2020-01-17T08:30:03+00:00 CRITICAL Uncaught Error: Call to undefined function wooaiocurrency_currency_switcher() in /var/www/tsvitokha/primex2.0/public_html/wp-content/themes/primex/header.php:52
Stack trace:
#0 /var/www/tsvitokha/primex2.0/public_html/wp-includes/template.php(722): require_once()
#1 /var/www/tsvitokha/primex2.0/public_html/wp-includes/template.php(671): load_template('/var/www/tsvito...', true)
#2 /var/www/tsvitokha/primex2.0/public_html/wp-includes/general-template.php(41): locate_template(Array, true)
#3 /var/www/tsvitokha/primex2.0/public_html/wp-content/themes/primex/woocommerce.php(1): get_header()
#4 /var/www/tsvitokha/primex2.0/public_html/wp-includes/template-loader.php(98): include('/var/www/tsvito...')
#5 /var/www/tsvitokha/primex2.0/public_html/wp-blog-header.php(19): require_once('/var/www/tsvito...')
#6 /var/www/tsvitokha/primex2.0/public_html/index.php(17): require('/var/www/tsvito...')
#7 {main}
  thrown в /var/www/tsvitokha/primex2.0/public_html/wp-content/themes/primex/header.php на строке 52

2020-01-17T08:30:34+00:00 CRITICAL Uncaught Error: Call to undefined function wooaiocurrency_currency_switcher() in /var/www/tsvitokha/primex2.0/public_html/wp-content/themes/primex/header.php:52
Stack trace:
#0 /var/www/tsvitokha/primex2.0/public_html/wp-includes/template.php(722): require_once()
#1 /var/www/tsvitokha/primex2.0/public_html/wp-includes/template.php(671): load_template('/var/www/tsvito...', true)
#2 /var/www/tsvitokha/primex2.0/public_html/wp-includes/general-template.php(41): locate_template(Array, true)
#3 /var/www/tsvitokha/primex2.0/public_html/wp-content/themes/primex/woocommerce.php(1): get_header()
#4 /var/www/tsvitokha/primex2.0/public_html/wp-includes/template-loader.php(98): include('/var/www/tsvito...')
#5 /var/www/tsvitokha/primex2.0/public_html/wp-blog-header.php(19): require_once('/var/www/tsvito...')
#6 /var/www/tsvitokha/primex2.0/public_html/index.php(17): require('/var/www/tsvito...')
#7 {main}
  thrown в /var/www/tsvitokha/primex2.0/public_html/wp-content/themes/primex/header.php на строке 52

2020-01-17T08:31:25+00:00 CRITICAL Uncaught Error: Call to undefined function wooaiocurrency_currency_switcher() in /var/www/tsvitokha/primex2.0/public_html/wp-content/themes/primex/header.php:52
Stack trace:
#0 /var/www/tsvitokha/primex2.0/public_html/wp-includes/template.php(722): require_once()
#1 /var/www/tsvitokha/primex2.0/public_html/wp-includes/template.php(671): load_template('/var/www/tsvito...', true)
#2 /var/www/tsvitokha/primex2.0/public_html/wp-includes/general-template.php(41): locate_template(Array, true)
#3 /var/www/tsvitokha/primex2.0/public_html/wp-content/themes/primex/index.php(10): get_header()
#4 /var/www/tsvitokha/primex2.0/public_html/wp-includes/template-loader.php(98): include('/var/www/tsvito...')
#5 /var/www/tsvitokha/primex2.0/public_html/wp-blog-header.php(19): require_once('/var/www/tsvito...')
#6 /var/www/tsvitokha/primex2.0/public_html/index.php(17): require('/var/www/tsvito...')
#7 {main}
  thrown в /var/www/tsvitokha/primex2.0/public_html/wp-content/themes/primex/header.php на строке 52

2020-01-17T08:33:35+00:00 CRITICAL Uncaught Error: Class 'Woo_All_In_One_Discount_Helpers' not found in /var/www/tsvitokha/primex2.0/public_html/wp-content/plugins/woo-all-in-one-currency/includes/lib/Woo_All_In_One_Currency_Helpers.php:29
Stack trace:
#0 /var/www/tsvitokha/primex2.0/public_html/wp-content/plugins/woo-all-in-one-currency/admin/partials/woo-all-in-one-discount-admin-content-currency-edit.php(4): Woo_All_In_One_Currency_Helpers::get_product_categories_tree()
#1 /var/www/tsvitokha/primex2.0/public_html/wp-content/plugins/woo-all-in-one-currency/admin/partials/woo-all-in-one-currency-admin-content-currency.php(6): include('/var/www/tsvito...')
#2 /var/www/tsvitokha/primex2.0/public_html/wp-content/plugins/woo-all-in-one-currency/admin/partials/woo-all-in-one-currency-admin-display.php(23): include('/var/www/tsvito...')
#3 /var/www/tsvitokha/primex2.0/public_html/wp-content/plugins/woo-all-in-one-currency/admin/class-woo-all-in-one-currency-admin.php(113): include('/var/www/tsvito...')
#4 /var/www/tsvitokha/primex2.0/public_html/wp в /var/www/tsvitokha/primex2.0/public_html/wp-content/plugins/woo-all-in-one-currency/includes/lib/Woo_All_In_One_Currency_Helpers.php на строке 29

2020-01-17T10:42:39+00:00 CRITICAL Uncaught Error: Call to undefined function wooaio_ajax_response() in /var/www/tsvitokha/primex2.0/public_html/wp-content/plugins/woo-all-in-one-currency/admin/class-woo-all-in-one-currency-admin-ajax.php:156
Stack trace:
#0 /var/www/tsvitokha/primex2.0/public_html/wp-includes/class-wp-hook.php(288): Woo_All_In_One_Currency_Admin_Ajax->make_main('')
#1 /var/www/tsvitokha/primex2.0/public_html/wp-includes/class-wp-hook.php(312): WP_Hook->apply_filters('', Array)
#2 /var/www/tsvitokha/primex2.0/public_html/wp-includes/plugin.php(478): WP_Hook->do_action(Array)
#3 /var/www/tsvitokha/primex2.0/public_html/wp-admin/admin-ajax.php(175): do_action('wp_ajax_wooaioc...')
#4 {main}
  thrown в /var/www/tsvitokha/primex2.0/public_html/wp-content/plugins/woo-all-in-one-currency/admin/class-woo-all-in-one-currency-admin-ajax.php на строке 156

2020-01-17T13:07:29+00:00 CRITICAL Uncaught Error: Call to a member function calculate_totals() on null in /var/www/tsvitokha/primex2.0/public_html/wp-content/plugins/woo-all-in-one-currency/public/class-woo-all-in-one-currency-public.php:160
Stack trace:
#0 /var/www/tsvitokha/primex2.0/public_html/wp-includes/class-wp-hook.php(288): Woo_All_In_One_Currency_Public->set_global_currency_rule('')
#1 /var/www/tsvitokha/primex2.0/public_html/wp-includes/class-wp-hook.php(312): WP_Hook->apply_filters(NULL, Array)
#2 /var/www/tsvitokha/primex2.0/public_html/wp-includes/plugin.php(478): WP_Hook->do_action(Array)
#3 /var/www/tsvitokha/primex2.0/public_html/wp-settings.php(523): do_action('init')
#4 /var/www/tsvitokha/primex2.0/public_html/wp-config.php(78): require_once('/var/www/tsvito...')
#5 /var/www/tsvitokha/primex2.0/public_html/wp-load.php(37): require_once('/var/www/tsvito...')
#6 /var/www/tsvitokha/primex2.0/public_html/wp-cron.php(44): require_once('/var/www/tsvito...')
#7 {main}
  thrown в /var/www/tsvitokha/primex2.0/public_html/wp-content/plugins/woo-all-in-one-currency/public/class-woo-all-in-one-currency-public.php на строке 160

