2019-12-26T16:41:50+00:00 CRITICAL Uncaught Error: Call to undefined function get_blog_details() in /var/www/tsvitokha/primex2.0/public_html/wp-content/themes/primex/footer.php:191
Stack trace:
#0 /var/www/tsvitokha/primex2.0/public_html/wp-includes/template.php(722): require_once()
#1 /var/www/tsvitokha/primex2.0/public_html/wp-includes/template.php(671): load_template('/var/www/tsvito...', true)
#2 /var/www/tsvitokha/primex2.0/public_html/wp-includes/general-template.php(76): locate_template(Array, true)
#3 /var/www/tsvitokha/primex2.0/public_html/wp-content/themes/primex/woocommerce.php(11): get_footer()
#4 /var/www/tsvitokha/primex2.0/public_html/wp-includes/template-loader.php(98): include('/var/www/tsvito...')
#5 /var/www/tsvitokha/primex2.0/public_html/wp-blog-header.php(19): require_once('/var/www/tsvito...')
#6 /var/www/tsvitokha/primex2.0/public_html/index.php(17): require('/var/www/tsvito...')
#7 {main}
  thrown в /var/www/tsvitokha/primex2.0/public_html/wp-content/themes/primex/footer.php на строке 191

2019-12-26T16:43:51+00:00 CRITICAL Uncaught Error: Call to undefined function get_blog_details() in /var/www/tsvitokha/primex2.0/public_html/wp-content/themes/primex/footer.php:191
Stack trace:
#0 /var/www/tsvitokha/primex2.0/public_html/wp-includes/template.php(722): require_once()
#1 /var/www/tsvitokha/primex2.0/public_html/wp-includes/template.php(671): load_template('/var/www/tsvito...', true)
#2 /var/www/tsvitokha/primex2.0/public_html/wp-includes/general-template.php(76): locate_template(Array, true)
#3 /var/www/tsvitokha/primex2.0/public_html/wp-content/themes/primex/woocommerce.php(11): get_footer()
#4 /var/www/tsvitokha/primex2.0/public_html/wp-includes/template-loader.php(98): include('/var/www/tsvito...')
#5 /var/www/tsvitokha/primex2.0/public_html/wp-blog-header.php(19): require_once('/var/www/tsvito...')
#6 /var/www/tsvitokha/primex2.0/public_html/index.php(17): require('/var/www/tsvito...')
#7 {main}
  thrown в /var/www/tsvitokha/primex2.0/public_html/wp-content/themes/primex/footer.php на строке 191

2019-12-26T19:26:10+00:00 CRITICAL Uncaught Error: Call to a member function add_to_cart_text() on null in /var/www/tsvitokha/primex2.0/public_html/wp-content/themes/primex/woocommerce/loop/add-to-cart.php:24
Stack trace:
#0 /var/www/tsvitokha/primex2.0/public_html/wp-content/plugins/woocommerce/includes/wc-core-functions.php(249): include()
#1 /var/www/tsvitokha/primex2.0/public_html/wp-content/themes/primex/includes/wc-template-functions.php(115): wc_get_template('loop/add-to-car...', Array)
#2 /var/www/tsvitokha/primex2.0/public_html/wp-includes/class-wp-hook.php(288): snth_wc_template_loop_add_to_cart(Array)
#3 /var/www/tsvitokha/primex2.0/public_html/wp-includes/class-wp-hook.php(312): WP_Hook->apply_filters('', Array)
#4 /var/www/tsvitokha/primex2.0/public_html/wp-includes/plugin.php(478): WP_Hook->do_action(Array)
#5 /var/www/tsvitokha/primex2.0/public_html/wp-content/themes/primex/woocommerce/content-product.php(67): do_action('woocommerce_aft...')
#6 /var/www/tsvitokha/primex2.0/public_html/wp-includes/template.php(724): require('/var в /var/www/tsvitokha/primex2.0/public_html/wp-content/themes/primex/woocommerce/loop/add-to-cart.php на строке 24

